<?xml version="1.0" encoding="UTF-8"?>
<testsuite xmlns:xsi="http://www.w3.org/2001/XMLSchema-instance" xsi:noNamespaceSchemaLocation="https://maven.apache.org/surefire/maven-surefire-plugin/xsd/surefire-test-report-3.0.xsd" version="3.0" name="hello.app.DemoApplicationTest" time="3.472" tests="1" errors="0" skipped="0" failures="0">
  <properties>
[...]
</properties>
  <testcase name="contextLoads" classname="hello.app.DemoApplicationTest" time="0.786">
    <system-out><![CDATA[18:57:06.933 [main] INFO org.springframework.test.context.support.AnnotationConfigContextLoaderUtils -- Could not detect default configuration classes for test class [hello.app.DemoApplicationTest]: DemoApplicationTest does not declare any static, non-private, non-final, nested classes annotated with @Configuration.
18:57:07.094 [main] INFO org.springframework.boot.test.context.SpringBootTestContextBootstrapper -- Found @SpringBootConfiguration hello.app.DemoApplication for test class hello.app.DemoApplicationTest

  .   ____          _            __ _ _
 /\\ / ___'_ __ _ _(_)_ __  __ _ \ \ \ \
( ( )\___ | '_ | '_| | '_ \/ _` | \ \ \ \
 \\/  ___)| |_)| | | | | || (_| |  ) ) ) )
  '  |____| .__|_| |_|_| |_\__, | / / / /
 =========|_|==============|___/=/_/_/_/
 :: Spring Boot ::                (v3.2.2)

2024-01-22T18:57:07.508+01:00  INFO 1309947 --- [           main] hello.app.DemoApplicationTest            : Starting DemoApplicationTest using Java 17.0.9 with PID 1309947 (started by dthibau in /home/dthibau/Formations/MavenJenkins/github/solutions/multi-module/application)
2024-01-22T18:57:07.510+01:00  INFO 1309947 --- [           main] hello.app.DemoApplicationTest            : No active profile set, falling back to 1 default profile: "default"
2024-01-22T18:57:09.248+01:00  INFO 1309947 --- [           main] o.s.b.a.e.web.EndpointLinksResolver      : Exposing 1 endpoint(s) beneath base path '/actuator'
2024-01-22T18:57:09.326+01:00  INFO 1309947 --- [           main] hello.app.DemoApplicationTest            : Started DemoApplicationTest in 2.092 seconds (process running for 3.268)
]]></system-out>
  </testcase>
</testsuite>